<?xml version="1.0" encoding="UTF-8"?>
<!-- Generated by org.testng.reporters.JUnitXMLReporter -->
<testsuite ignored="0" hostname="HOME-PC" failures="2" tests="20" name="all-Tests" time="684.67" errors="0" timestamp="12 May 2021 11:48:53 GMT">
  <testcase classname="PT.DetoxTea" name="detoxTea" time="30.947"/>
  <testcase classname="IT.Detox_Tea" name="detoxTea" time="34.875"/>
  <testcase classname="bg.DetoxTea" name="DetoxTea1" time="32.332"/>
  <testcase classname="PT.SlimfitTea" name="IT_SlimfitSuperFood" time="29.961"/>
  <testcase classname="HU.DetoxTea" name="detoxTea" time="32.833"/>
  <testcase classname="CZ.CZ_DetoxTea" name="DetoxTea" time="43.169">
    <failure type="java.lang.AssertionError" message="expected [true] but found [false]">
      <![CDATA[java.lang.AssertionError: expected [true] but found [false]
at CZ.CZ_DetoxTea.DetoxTea(CZ_DetoxTea.java:37)
... Removed 31 stack frames]]>
    </failure>
  </testcase> <!-- DetoxTea -->
  <testcase classname="bg.SlimfitTea" name="SlimfitTea1" time="30.607"/>
  <testcase classname="CZ.CZ_SlimfitTea" name="slimfitTea" time="35.168"/>
  <testcase classname="IT.SlimfitTea" name="IT_SlimfitTea" time="41.772"/>
  <testcase classname="HU.HU_slimfitTea" name="HU_SlimfitTea" time="42.816">
    <failure type="java.lang.AssertionError" message="expected [true] but found [false]">
      <![CDATA[java.lang.AssertionError: expected [true] but found [false]
at HU.HU_slimfitTea.HU_SlimfitTea(HU_slimfitTea.java:41)
... Removed 31 stack frames]]>
    </failure>
  </testcase> <!-- HU_SlimfitTea -->
  <testcase classname="PT.SuperFood" name="slimfitSuperFood" time="34.42"/>
  <testcase classname="bg.SuperFood" name="SlimfitSuperFood21" time="15.921"/>
  <testcase classname="CZ.SuperFood" name="superFood" time="24.25"/>
  <testcase classname="IT.SuperFood" name="slimfitSuperFood" time="24.165"/>
  <testcase classname="HU.SuperFood" name="slimfitSuperFood" time="23.901"/>
  <testcase classname="PT.WellnessTea" name="wellnessTea" time="39.57"/>
  <testcase classname="bg.WellnessTea" name="Wellness" time="28.214"/>
  <testcase classname="CZ.WellnessTea" name="wellnessTea" time="30.778"/>
  <testcase classname="IT.WellnessTea" name="wellnessTea" time="40.522"/>
  <testcase classname="HU.WellnessTea" name="wellnessTea" time="30.059"/>
</testsuite> <!-- all-Tests -->
